<?xml version="1.0" encoding="UTF-8"?>
<!-- Generated by org.testng.reporters.JUnitXMLReporter -->
<testsuite hostname="ip-172-31-16-168" ignored="0" name="Test" tests="3" failures="0" timestamp="2022-03-13T04:52:19 UTC" time="1.118" errors="0">
  <testcase name="@BeforeMethod SetUp" time="0.037" classname="testclasses.BaseClass">
    <failure type="java.lang.IllegalStateException" message="The driver executable does not exist: /home/antimaawasthy24/eclipse-workspace/selenium-maven1/chromedriver">
      <![CDATA[java.lang.IllegalStateException: The driver executable does not exist: /home/antimaawasthy24/eclipse-workspace/selenium-maven1/chromedriver
at com.google.common.base.Preconditions.checkState(Preconditions.java:585)
at org.openqa.selenium.remote.service.DriverService.checkExecutable(DriverService.java:146)
at org.openqa.selenium.remote.service.DriverService.findExecutable(DriverService.java:141)
at org.openqa.selenium.chrome.ChromeDriverService.access$000(ChromeDriverService.java:35)
at org.openqa.selenium.chrome.ChromeDriverService$Builder.findDefaultExecutable(ChromeDriverService.java:159)
at org.openqa.selenium.remote.service.DriverService$Builder.build(DriverService.java:355)
at org.openqa.selenium.chrome.ChromeDriverService.createDefaultService(ChromeDriverService.java:94)
at org.openqa.selenium.chrome.ChromeDriver.<init>(ChromeDriver.java:123)
at testclasses.BaseClass.SetUp(BaseClass.java:59)
at java.util.ArrayList.forEach(ArrayList.java:1259)
... Removed 35 stack frames]]>
    </failure>
  </testcase> <!-- @BeforeMethod SetUp -->
  <testcase name="@AfterMethod TearDown" time="0.0" classname="testclasses.BaseClass">
    <skipped/>
  </testcase> <!-- @AfterMethod TearDown -->
  <testcase name="@BeforeMethod SetUp" time="0.0" classname="testclasses.BaseClass">
    <skipped/>
  </testcase> <!-- @BeforeMethod SetUp -->
  <testcase name="@AfterMethod TearDown" time="0.0" classname="testclasses.BaseClass">
    <skipped/>
  </testcase> <!-- @AfterMethod TearDown -->
  <testcase name="@BeforeMethod SetUp" time="0.0" classname="testclasses.BaseClass">
    <skipped/>
  </testcase> <!-- @BeforeMethod SetUp -->
  <testcase name="@AfterMethod TearDown" time="0.0" classname="testclasses.BaseClass">
    <skipped/>
  </testcase> <!-- @AfterMethod TearDown -->
  <testcase name="ExternalDataTest" time="0.0" classname="testclasses.LoginTest">
    <skipped/>
  </testcase> <!-- ExternalDataTest -->
  <testcase name="LoginFailureTest" time="0.0" classname="testclasses.LoginTest">
    <skipped/>
  </testcase> <!-- LoginFailureTest -->
  <testcase name="LoginSuccessTest" time="0.0" classname="testclasses.LoginTest">
    <skipped/>
  </testcase> <!-- LoginSuccessTest -->
</testsuite> <!-- Test -->
